e:\học kỳ vii\game beginning\my project\castlevania\demo\debug\vc120.pdb
e:\học kỳ vii\game beginning\my project\castlevania\demo\debug\vc120.idb
e:\học kỳ vii\game beginning\my project\castlevania\demo\debug\brick.obj
e:\học kỳ vii\game beginning\my project\castlevania\demo\debug\camera.obj
e:\học kỳ vii\game beginning\my project\castlevania\demo\debug\cgameapp.obj
e:\học kỳ vii\game beginning\my project\castlevania\demo\debug\colision.obj
e:\học kỳ vii\game beginning\my project\castlevania\demo\debug\cwindown.obj
e:\học kỳ vii\game beginning\my project\castlevania\demo\debug\dxgraphic.obj
e:\học kỳ vii\game beginning\my project\castlevania\demo\debug\fleaman.obj
e:\học kỳ vii\game beginning\my project\castlevania\demo\debug\input.obj
e:\học kỳ vii\game beginning\my project\castlevania\demo\debug\inputmanager.obj
e:\học kỳ vii\game beginning\my project\castlevania\demo\debug\main.obj
e:\học kỳ vii\game beginning\my project\castlevania\demo\debug\simon.obj
e:\học kỳ vii\game beginning\my project\castlevania\demo\debug\object.obj
e:\học kỳ vii\game beginning\my project\castlevania\demo\debug\resourcemanager.obj
e:\học kỳ vii\game beginning\my project\castlevania\demo\debug\background.obj
e:\học kỳ vii\game beginning\my project\castlevania\demo\debug\sprite.obj
e:\học kỳ vii\game beginning\my project\castlevania\demo\debug\surface.obj
e:\học kỳ vii\game beginning\my project\castlevania\demo\debug\sweptaabb.obj
e:\học kỳ vii\game beginning\my project\castlevania\demo\debug\texture.obj
e:\học kỳ vii\game beginning\my project\castlevania\demo\debug\timer.obj
e:\học kỳ vii\game beginning\my project\castlevania\debug\demo.pdb
e:\học kỳ vii\game beginning\my project\castlevania\debug\demo.ilk
e:\học kỳ vii\game beginning\my project\castlevania\demo\debug\demo.tlog\cl.command.1.tlog
e:\học kỳ vii\game beginning\my project\castlevania\demo\debug\demo.tlog\cl.read.1.tlog
e:\học kỳ vii\game beginning\my project\castlevania\demo\debug\demo.tlog\cl.write.1.tlog
e:\học kỳ vii\game beginning\my project\castlevania\demo\debug\demo.tlog\link.command.1.tlog
e:\học kỳ vii\game beginning\my project\castlevania\demo\debug\demo.tlog\link.read.1.tlog
e:\học kỳ vii\game beginning\my project\castlevania\demo\debug\demo.tlog\link.write.1.tlog
